2021-02-15 16:02:44,918 [INFO] **************** Test_003_AddCustomer ****************
2021-02-15 16:02:44,918 [INFO] **************** Test_003_AddCustomer ****************
2021-02-15 16:02:44,918 [INFO] **************** Test_003_AddCustomer ****************
2021-02-15 16:02:44,918 [INFO] **************** Test_003_AddCustomer ****************
2021-02-15 16:02:44,918 [INFO] **************** Test_003_AddCustomer ****************
2021-02-15 16:02:52,674 [INFO] **************** login success ****************
2021-02-15 16:02:52,674 [INFO] **************** login success ****************
2021-02-15 16:02:52,674 [INFO] **************** login success ****************
2021-02-15 16:02:52,674 [INFO] **************** login success ****************
2021-02-15 16:02:52,674 [INFO] **************** login success ****************
2021-02-15 16:02:52,675 [INFO] **************** starting add customer Test ****************
2021-02-15 16:02:52,675 [INFO] **************** starting add customer Test ****************
2021-02-15 16:02:52,675 [INFO] **************** starting add customer Test ****************
2021-02-15 16:02:52,675 [INFO] **************** starting add customer Test ****************
2021-02-15 16:02:52,675 [INFO] **************** starting add customer Test ****************
2021-02-15 16:02:54,775 [INFO] **************** Providing customer info ****************
2021-02-15 16:02:54,775 [INFO] **************** Providing customer info ****************
2021-02-15 16:02:54,775 [INFO] **************** Providing customer info ****************
2021-02-15 16:02:54,775 [INFO] **************** Providing customer info ****************
2021-02-15 16:02:54,775 [INFO] **************** Providing customer info ****************
2021-02-15 16:03:01,311 [INFO] **************** verifying login test ****************
2021-02-15 16:03:01,311 [INFO] **************** verifying login test ****************
2021-02-15 16:03:01,311 [INFO] **************** verifying login test ****************
2021-02-15 16:03:01,311 [INFO] **************** verifying login test ****************
2021-02-15 16:03:01,311 [INFO] **************** verifying login test ****************
2021-02-15 16:03:09,648 [INFO] **************** login test is passed ****************
2021-02-15 16:03:09,648 [INFO] **************** login test is passed ****************
2021-02-15 16:03:09,648 [INFO] **************** login test is passed ****************
2021-02-15 16:03:09,648 [INFO] **************** login test is passed ****************
2021-02-15 16:03:09,648 [INFO] **************** login test is passed ****************
