2021-02-15 15:28:56,528 [INFO] **************** Test_001_Login ****************
2021-02-15 15:28:56,528 [INFO] **************** Test_001_Login ****************
2021-02-15 15:28:56,528 [INFO] **************** Test_001_Login ****************
2021-02-15 15:28:56,528 [INFO] **************** Test_001_Login ****************
2021-02-15 15:28:56,528 [INFO] **************** Test_001_Login ****************
2021-02-15 15:28:56,529 [INFO] **************** verifying home page title ****************
2021-02-15 15:28:56,529 [INFO] **************** verifying home page title ****************
2021-02-15 15:28:56,529 [INFO] **************** verifying home page title ****************
2021-02-15 15:28:56,529 [INFO] **************** verifying home page title ****************
2021-02-15 15:28:56,529 [INFO] **************** verifying home page title ****************
2021-02-15 15:29:00,364 [INFO] **************** Homepage title test is passed ****************
2021-02-15 15:29:00,364 [INFO] **************** Homepage title test is passed ****************
2021-02-15 15:29:00,364 [INFO] **************** Homepage title test is passed ****************
2021-02-15 15:29:00,364 [INFO] **************** Homepage title test is passed ****************
2021-02-15 15:29:00,364 [INFO] **************** Homepage title test is passed ****************
2021-02-15 15:29:01,674 [INFO] **************** verifying login test ****************
2021-02-15 15:29:01,674 [INFO] **************** verifying login test ****************
2021-02-15 15:29:01,674 [INFO] **************** verifying login test ****************
2021-02-15 15:29:01,674 [INFO] **************** verifying login test ****************
2021-02-15 15:29:01,674 [INFO] **************** verifying login test ****************
2021-02-15 15:29:08,348 [INFO] **************** login test is passed ****************
2021-02-15 15:29:08,348 [INFO] **************** login test is passed ****************
2021-02-15 15:29:08,348 [INFO] **************** login test is passed ****************
2021-02-15 15:29:08,348 [INFO] **************** login test is passed ****************
2021-02-15 15:29:08,348 [INFO] **************** login test is passed ****************
2021-02-15 15:29:09,454 [INFO] **************** Test_002_DDT_Login ****************
2021-02-15 15:29:09,454 [INFO] **************** Test_002_DDT_Login ****************
2021-02-15 15:29:09,454 [INFO] **************** Test_002_DDT_Login ****************
2021-02-15 15:29:09,454 [INFO] **************** Test_002_DDT_Login ****************
2021-02-15 15:29:09,454 [INFO] **************** Test_002_DDT_Login ****************
2021-02-15 15:29:09,454 [INFO] **************** verifying login DDT test ****************
2021-02-15 15:29:09,454 [INFO] **************** verifying login DDT test ****************
2021-02-15 15:29:09,454 [INFO] **************** verifying login DDT test ****************
2021-02-15 15:29:09,454 [INFO] **************** verifying login DDT test ****************
2021-02-15 15:29:09,454 [INFO] **************** verifying login DDT test ****************
2021-02-15 15:29:19,551 [INFO] **************** Passed
2021-02-15 15:29:19,551 [INFO] **************** Passed
2021-02-15 15:29:19,551 [INFO] **************** Passed
2021-02-15 15:29:19,551 [INFO] **************** Passed
2021-02-15 15:29:19,551 [INFO] **************** Passed
2021-02-15 15:29:25,818 [INFO] **************** Passed
2021-02-15 15:29:25,818 [INFO] **************** Passed
2021-02-15 15:29:25,818 [INFO] **************** Passed
2021-02-15 15:29:25,818 [INFO] **************** Passed
2021-02-15 15:29:25,818 [INFO] **************** Passed
2021-02-15 15:29:31,295 [INFO] **************** Passed
2021-02-15 15:29:31,295 [INFO] **************** Passed
2021-02-15 15:29:31,295 [INFO] **************** Passed
2021-02-15 15:29:31,295 [INFO] **************** Passed
2021-02-15 15:29:31,295 [INFO] **************** Passed
2021-02-15 15:29:36,766 [INFO] **************** Passed
2021-02-15 15:29:36,766 [INFO] **************** Passed
2021-02-15 15:29:36,766 [INFO] **************** Passed
2021-02-15 15:29:36,766 [INFO] **************** Passed
2021-02-15 15:29:36,766 [INFO] **************** Passed
2021-02-15 15:29:36,766 [INFO] ............Login DDT Test Passed.............
2021-02-15 15:29:36,766 [INFO] ............Login DDT Test Passed.............
2021-02-15 15:29:36,766 [INFO] ............Login DDT Test Passed.............
2021-02-15 15:29:36,766 [INFO] ............Login DDT Test Passed.............
2021-02-15 15:29:36,766 [INFO] ............Login DDT Test Passed.............
2021-02-15 15:29:36,812 [INFO] **************** End of Login DDT Test ****************
2021-02-15 15:29:36,812 [INFO] **************** End of Login DDT Test ****************
2021-02-15 15:29:36,812 [INFO] **************** End of Login DDT Test ****************
2021-02-15 15:29:36,812 [INFO] **************** End of Login DDT Test ****************
2021-02-15 15:29:36,812 [INFO] **************** End of Login DDT Test ****************
2021-02-15 15:29:36,812 [INFO] **************** Completed TC_LoginDDT_002 ****************
2021-02-15 15:29:36,812 [INFO] **************** Completed TC_LoginDDT_002 ****************
2021-02-15 15:29:36,812 [INFO] **************** Completed TC_LoginDDT_002 ****************
2021-02-15 15:29:36,812 [INFO] **************** Completed TC_LoginDDT_002 ****************
2021-02-15 15:29:36,812 [INFO] **************** Completed TC_LoginDDT_002 ****************
2021-02-15 15:29:37,859 [INFO] **************** Test_004_SearchCustomerByEmail ****************
2021-02-15 15:29:37,859 [INFO] **************** Test_004_SearchCustomerByEmail ****************
2021-02-15 15:29:37,859 [INFO] **************** Test_004_SearchCustomerByEmail ****************
2021-02-15 15:29:37,859 [INFO] **************** Test_004_SearchCustomerByEmail ****************
2021-02-15 15:29:37,859 [INFO] **************** Test_004_SearchCustomerByEmail ****************
2021-02-15 15:29:44,135 [INFO] **************** login success ****************
2021-02-15 15:29:44,135 [INFO] **************** login success ****************
2021-02-15 15:29:44,135 [INFO] **************** login success ****************
2021-02-15 15:29:44,135 [INFO] **************** login success ****************
2021-02-15 15:29:44,135 [INFO] **************** login success ****************
2021-02-15 15:29:44,135 [INFO] **************** starting Search Customer By Email ****************
2021-02-15 15:29:44,135 [INFO] **************** starting Search Customer By Email ****************
2021-02-15 15:29:44,135 [INFO] **************** starting Search Customer By Email ****************
2021-02-15 15:29:44,135 [INFO] **************** starting Search Customer By Email ****************
2021-02-15 15:29:44,135 [INFO] **************** starting Search Customer By Email ****************
2021-02-15 15:29:45,000 [INFO] **************** searching customer by emailID ****************
2021-02-15 15:29:45,000 [INFO] **************** searching customer by emailID ****************
2021-02-15 15:29:45,000 [INFO] **************** searching customer by emailID ****************
2021-02-15 15:29:45,000 [INFO] **************** searching customer by emailID ****************
2021-02-15 15:29:45,000 [INFO] **************** searching customer by emailID ****************
2021-02-15 15:29:48,164 [INFO] **************** Ending Test_004_SearchCustomerByEmail ****************
2021-02-15 15:29:48,164 [INFO] **************** Ending Test_004_SearchCustomerByEmail ****************
2021-02-15 15:29:48,164 [INFO] **************** Ending Test_004_SearchCustomerByEmail ****************
2021-02-15 15:29:48,164 [INFO] **************** Ending Test_004_SearchCustomerByEmail ****************
2021-02-15 15:29:48,164 [INFO] **************** Ending Test_004_SearchCustomerByEmail ****************
2021-02-15 15:29:49,274 [INFO] **************** Test_005_SearchCustomerByName ****************
2021-02-15 15:29:49,274 [INFO] **************** Test_005_SearchCustomerByName ****************
2021-02-15 15:29:49,274 [INFO] **************** Test_005_SearchCustomerByName ****************
2021-02-15 15:29:49,274 [INFO] **************** Test_005_SearchCustomerByName ****************
2021-02-15 15:29:49,274 [INFO] **************** Test_005_SearchCustomerByName ****************
2021-02-15 15:29:55,530 [INFO] **************** login success ****************
2021-02-15 15:29:55,530 [INFO] **************** login success ****************
2021-02-15 15:29:55,530 [INFO] **************** login success ****************
2021-02-15 15:29:55,530 [INFO] **************** login success ****************
2021-02-15 15:29:55,530 [INFO] **************** login success ****************
2021-02-15 15:29:55,530 [INFO] **************** starting Search Customer By Name ****************
2021-02-15 15:29:55,530 [INFO] **************** starting Search Customer By Name ****************
2021-02-15 15:29:55,530 [INFO] **************** starting Search Customer By Name ****************
2021-02-15 15:29:55,530 [INFO] **************** starting Search Customer By Name ****************
2021-02-15 15:29:55,530 [INFO] **************** starting Search Customer By Name ****************
2021-02-15 15:29:56,437 [INFO] **************** searching customer by Name ****************
2021-02-15 15:29:56,437 [INFO] **************** searching customer by Name ****************
2021-02-15 15:29:56,437 [INFO] **************** searching customer by Name ****************
2021-02-15 15:29:56,437 [INFO] **************** searching customer by Name ****************
2021-02-15 15:29:56,437 [INFO] **************** searching customer by Name ****************
2021-02-15 15:29:59,669 [INFO] **************** Ending Test_005_SearchCustomerByName ****************
2021-02-15 15:29:59,669 [INFO] **************** Ending Test_005_SearchCustomerByName ****************
2021-02-15 15:29:59,669 [INFO] **************** Ending Test_005_SearchCustomerByName ****************
2021-02-15 15:29:59,669 [INFO] **************** Ending Test_005_SearchCustomerByName ****************
2021-02-15 15:29:59,669 [INFO] **************** Ending Test_005_SearchCustomerByName ****************
