2021-02-15 16:01:59,087 [INFO] **************** Test_003_AddCustomer ****************
2021-02-15 16:01:59,087 [INFO] **************** Test_003_AddCustomer ****************
2021-02-15 16:02:04,810 [INFO] **************** login success ****************
2021-02-15 16:02:04,810 [INFO] **************** login success ****************
2021-02-15 16:02:04,810 [INFO] **************** starting add customer Test ****************
2021-02-15 16:02:04,810 [INFO] **************** starting add customer Test ****************
2021-02-15 16:02:08,935 [INFO] **************** Providing customer info ****************
2021-02-15 16:02:08,935 [INFO] **************** Providing customer info ****************
2021-02-15 16:02:20,111 [INFO] **************** Saving Customer Info ****************
2021-02-15 16:02:20,111 [INFO] **************** Saving Customer Info ****************
2021-02-15 16:02:20,111 [INFO] **************** Add Customer validation Started ****************
2021-02-15 16:02:20,111 [INFO] **************** Add Customer validation Started ****************
2021-02-15 16:02:23,255 [INFO] **************** Add Customer test Passed ****************
2021-02-15 16:02:23,255 [INFO] **************** Add Customer test Passed ****************
2021-02-15 16:02:26,319 [INFO] **************** Ending Test_003_AddCustomer ****************
2021-02-15 16:02:26,319 [INFO] **************** Ending Test_003_AddCustomer ****************
2021-02-15 16:02:27,404 [INFO] **************** verifying login test ****************
2021-02-15 16:02:27,404 [INFO] **************** verifying login test ****************
2021-02-15 16:02:33,802 [INFO] **************** login test is passed ****************
2021-02-15 16:02:33,802 [INFO] **************** login test is passed ****************
