2021-02-15 15:30:19,058 [INFO] **************** Test_003_AddCustomer ****************
2021-02-15 15:30:19,058 [INFO] **************** Test_003_AddCustomer ****************
2021-02-15 15:30:19,058 [INFO] **************** Test_003_AddCustomer ****************
2021-02-15 15:30:26,008 [INFO] **************** login success ****************
2021-02-15 15:30:26,008 [INFO] **************** login success ****************
2021-02-15 15:30:26,008 [INFO] **************** login success ****************
2021-02-15 15:30:26,008 [INFO] **************** starting add customer Test ****************
2021-02-15 15:30:26,008 [INFO] **************** starting add customer Test ****************
2021-02-15 15:30:26,008 [INFO] **************** starting add customer Test ****************
2021-02-15 15:30:28,518 [INFO] **************** Providing customer info ****************
2021-02-15 15:30:28,518 [INFO] **************** Providing customer info ****************
2021-02-15 15:30:28,518 [INFO] **************** Providing customer info ****************
2021-02-15 15:30:40,313 [INFO] **************** Saving Customer Info ****************
2021-02-15 15:30:40,313 [INFO] **************** Saving Customer Info ****************
2021-02-15 15:30:40,313 [INFO] **************** Saving Customer Info ****************
2021-02-15 15:30:40,314 [INFO] **************** Add Customer validation Started ****************
2021-02-15 15:30:40,314 [INFO] **************** Add Customer validation Started ****************
2021-02-15 15:30:40,314 [INFO] **************** Add Customer validation Started ****************
2021-02-15 15:30:43,458 [INFO] **************** Add Customer test Passed ****************
2021-02-15 15:30:43,458 [INFO] **************** Add Customer test Passed ****************
2021-02-15 15:30:43,458 [INFO] **************** Add Customer test Passed ****************
2021-02-15 15:30:46,511 [INFO] **************** Ending Test_003_AddCustomer ****************
2021-02-15 15:30:46,511 [INFO] **************** Ending Test_003_AddCustomer ****************
2021-02-15 15:30:46,511 [INFO] **************** Ending Test_003_AddCustomer ****************
2021-02-15 15:30:47,546 [INFO] **************** verifying login test ****************
2021-02-15 15:30:47,546 [INFO] **************** verifying login test ****************
2021-02-15 15:30:47,546 [INFO] **************** verifying login test ****************
2021-02-15 15:30:53,272 [INFO] **************** login test is passed ****************
2021-02-15 15:30:53,272 [INFO] **************** login test is passed ****************
2021-02-15 15:30:53,272 [INFO] **************** login test is passed ****************
